WARNING:absl:SaveArgs.aggregate is deprecated, please use custom TypeHandler (https://orbax.readthedocs.io/en/latest/custom_handlers.html#typehandler) or contact Orbax team to migrate before May 1st, 2024.
WARNING:absl:SaveArgs.aggregate is deprecated, please use custom TypeHandler (https://orbax.readthedocs.io/en/latest/custom_handlers.html#typehandler) or contact Orbax team to migrate before May 1st, 2024.
WARNING:absl:SaveArgs.aggregate is deprecated, please use custom TypeHandler (https://orbax.readthedocs.io/en/latest/custom_handlers.html#typehandler) or contact Orbax team to migrate before May 1st, 2024.
WARNING:absl:SaveArgs.aggregate is deprecated, please use custom TypeHandler (https://orbax.readthedocs.io/en/latest/custom_handlers.html#typehandler) or contact Orbax team to migrate before May 1st, 2024.
WARNING:absl:SaveArgs.aggregate is deprecated, please use custom TypeHandler (https://orbax.readthedocs.io/en/latest/custom_handlers.html#typehandler) or contact Orbax team to migrate before May 1st, 2024.
WARNING:absl:SaveArgs.aggregate is deprecated, please use custom TypeHandler (https://orbax.readthedocs.io/en/latest/custom_handlers.html#typehandler) or contact Orbax team to migrate before May 1st, 2024.
WARNING:absl:SaveArgs.aggregate is deprecated, please use custom TypeHandler (https://orbax.readthedocs.io/en/latest/custom_handlers.html#typehandler) or contact Orbax team to migrate before May 1st, 2024.
WARNING:absl:SaveArgs.aggregate is deprecated, please use custom TypeHandler (https://orbax.readthedocs.io/en/latest/custom_handlers.html#typehandler) or contact Orbax team to migrate before May 1st, 2024.
WARNING:absl:SaveArgs.aggregate is deprecated, please use custom TypeHandler (https://orbax.readthedocs.io/en/latest/custom_handlers.html#typehandler) or contact Orbax team to migrate before May 1st, 2024.
WARNING:absl:Configured `CheckpointManager` using deprecated legacy API. Please follow the instructions at https://orbax.readthedocs.io/en/latest/api_refactor.html to migrate by May 1st, 2024.
Traceback (most recent call last):
  File "/gpfs/home2/siddhart/source/Foragax_v2/world/foraging_world_v2.py", line 677, in <module>
    f_world = Foraging_World(foragers_params, resources_params, space_params, sim_steps=100000, max_record_steps=1000, key=jax.random.PRNGKey(2))
  File "/gpfs/home2/siddhart/source/Foragax_v2/world/foraging_world_v2.py", line 619, in __init__
    self.checkpoint_manager = orbax.checkpoint.CheckpointManager('/Users/siddarth.chaturvedi/Desktop/source/foragax/Foragax_v4/src/worlds/orbax_data',
  File "/home/siddhart/.local/lib/python3.10/site-packages/orbax/checkpoint/checkpoint_manager.py", line 445, in __init__
    self._directory.mkdir(parents=True)
  File "/home/siddhart/.local/lib/python3.10/site-packages/etils/epath/gpath.py", line 203, in mkdir
    self._backend.makedirs(self._path_str, exist_ok=exist_ok, mode=mode)
  File "/home/siddhart/.local/lib/python3.10/site-packages/etils/epath/backend.py", line 169, in makedirs
    os.makedirs(path, exist_ok=exist_ok, mode=mode)
  File "/sw/arch/RHEL8/EB_production/2022/software/Python/3.10.4-GCCcore-11.3.0/lib/python3.10/os.py", line 215, in makedirs
    makedirs(head, exist_ok=exist_ok)
  File "/sw/arch/RHEL8/EB_production/2022/software/Python/3.10.4-GCCcore-11.3.0/lib/python3.10/os.py", line 215, in makedirs
    makedirs(head, exist_ok=exist_ok)
  File "/sw/arch/RHEL8/EB_production/2022/software/Python/3.10.4-GCCcore-11.3.0/lib/python3.10/os.py", line 215, in makedirs
    makedirs(head, exist_ok=exist_ok)
  [Previous line repeated 5 more times]
  File "/sw/arch/RHEL8/EB_production/2022/software/Python/3.10.4-GCCcore-11.3.0/lib/python3.10/os.py", line 225, in makedirs
    mkdir(name, mode)
PermissionError: [Errno 13] Permission denied: '/Users'

JOB STATISTICS
==============
Job ID: 6878933
Cluster: snellius
User/Group: siddhart/siddhart
State: RUNNING
Nodes: 1
Cores per node: 72
CPU Utilized: 00:00:00
CPU Efficiency: 0.00% of 00:26:24 core-walltime
Job Wall-clock time: 00:00:22
Memory Utilized: 0.00 MB (estimated maximum)
Memory Efficiency: 0.00% of 480.00 GB (480.00 GB/node)
WARNING: Efficiency statistics may be misleading for RUNNING jobs.
